# JRE version: Java(TM) SE Runtime Environment (8.0_191-b12) (build 1.8.0_191-b12)
# Java VM: Java HotSpot(TM) Client VM (25.191-b12 mixed mode windows-x86 )
Heap:
 def new generation   total 89600K, used 13584K [0x05600000, 0x0b730000, 0x100a0000)
  eden space 79680K,  17% used [0x05600000, 0x06344398, 0x0a3d0000)
  from space 9920K,   0% used [0x0a3d0000, 0x0a3d0000, 0x0ad80000)
  to   space 9920K,   0% used [0x0ad80000, 0x0ad80000, 0x0b730000)
 tenured generation   total 198904K, used 119197K [0x100a0000, 0x1c2de000, 0x25600000)
   the space 198904K,  59% used [0x100a0000, 0x17507778, 0x17507800, 0x1c2de000)
 Metaspace       used 25453K, capacity 26001K, committed 26112K, reserved 27008K
GC Heap History (10 events):
Event: 3023.378 GC heap before
{Heap before GC invocations=22 (full 3):
 def new generation   total 89600K, used 81069K [0x05600000, 0x0b730000, 0x100a0000)
  eden space 79680K, 100% used [0x05600000, 0x0a3d0000, 0x0a3d0000)
  from space 9920K,  14% used [0x0ad80000, 0x0aedb5e0, 0x0b730000)
  to   space 9920K,   0% used [0x0a3d0000, 0x0a3d0000, 0x0ad80000)
 tenured generation   total 198904K, used 187673K [0x100a0000, 0x1c2de000, 0x25600000)
   the space 198904K,  94% used [0x100a0000, 0x1b7e6588, 0x1b7e6600, 0x1c2de000)
 Metaspace       used 25489K, capacity 26048K, committed 26112K, reserved 27008K
Event: 3023.382 GC heap after
Heap after GC invocations=23 (full 3):
 def new generation   total 89600K, used 7279K [0x05600000, 0x0b730000, 0x100a0000)
  eden space 79680K,   0% used [0x05600000, 0x05600000, 0x0a3d0000)
  from space 9920K,  73% used [0x0a3d0000, 0x0aaebd40, 0x0ad80000)
  to   space 9920K,   0% used [0x0ad80000, 0x0ad80000, 0x0b730000)
 tenured generation   total 198904K, used 187673K [0x100a0000, 0x1c2de000, 0x25600000)
   the space 198904K,  94% used [0x100a0000, 0x1b7e6588, 0x1b7e6600, 0x1c2de000)
 Metaspace       used 25489K, capacity 26048K, committed 26112K, reserved 27008K
}
Event: 3189.585 GC heap before
{Heap before GC invocations=23 (full 3):
 def new generation   total 89600K, used 86959K [0x05600000, 0x0b730000, 0x100a0000)
  eden space 79680K, 100% used [0x05600000, 0x0a3d0000, 0x0a3d0000)
  from space 9920K,  73% used [0x0a3d0000, 0x0aaebd40, 0x0ad80000)
  to   space 9920K,   0% used [0x0ad80000, 0x0ad80000, 0x0b730000)
 tenured generation   total 198904K, used 187673K [0x100a0000, 0x1c2de000, 0x25600000)
   the space 198904K,  94% used [0x100a0000, 0x1b7e6588, 0x1b7e6600, 0x1c2de000)
 Metaspace       used 25489K, capacity 26048K, committed 26112K, reserved 27008K
Event: 3189.591 GC heap after
Heap after GC invocations=24 (full 3):
 def new generation   total 89600K, used 3006K [0x05600000, 0x0b730000, 0x100a0000)
  eden space 79680K,   0% used [0x05600000, 0x05600000, 0x0a3d0000)
  from space 9920K,  30% used [0x0ad80000, 0x0b06f880, 0x0b730000)
  to   space 9920K,   0% used [0x0a3d0000, 0x0a3d0000, 0x0ad80000)
 tenured generation   total 198904K, used 194423K [0x100a0000, 0x1c2de000, 0x25600000)
   the space 198904K,  97% used [0x100a0000, 0x1be7df48, 0x1be7e000, 0x1c2de000)
 Metaspace       used 25489K, capacity 26048K, committed 26112K, reserved 27008K
}
Event: 3477.119 GC heap before
{Heap before GC invocations=24 (full 3):
 def new generation   total 89600K, used 82686K [0x05600000, 0x0b730000, 0x100a0000)
  eden space 79680K, 100% used [0x05600000, 0x0a3d0000, 0x0a3d0000)
  from space 9920K,  30% used [0x0ad80000, 0x0b06f880, 0x0b730000)
  to   space 9920K,   0% used [0x0a3d0000, 0x0a3d0000, 0x0ad80000)
 tenured generation   total 198904K, used 194423K [0x100a0000, 0x1c2de000, 0x25600000)
   the space 198904K,  97% used [0x100a0000, 0x1be7df48, 0x1be7e000, 0x1c2de000)
 Metaspace       used 25489K, capacity 26048K, committed 26112K, reserved 27008K
Event: 3477.123 GC heap after
Heap after GC invocations=25 (full 3):
 def new generation   total 89600K, used 3519K [0x05600000, 0x0b730000, 0x100a0000)
  eden space 79680K,   0% used [0x05600000, 0x05600000, 0x0a3d0000)
  from space 9920K,  35% used [0x0a3d0000, 0x0a73fd48, 0x0ad80000)
  to   space 9920K,   0% used [0x0ad80000, 0x0ad80000, 0x0b730000)
 tenured generation   total 198904K, used 194423K [0x100a0000, 0x1c2de000, 0x25600000)
   the space 198904K,  97% used [0x100a0000, 0x1be7df48, 0x1be7e000, 0x1c2de000)
 Metaspace       used 25489K, capacity 26048K, committed 26112K, reserved 27008K
}
Event: 3488.630 GC heap before
{Heap before GC invocations=25 (full 3):
 def new generation   total 89600K, used 82654K [0x05600000, 0x0b730000, 0x100a0000)
  eden space 79680K,  99% used [0x05600000, 0x0a347df8, 0x0a3d0000)
  from space 9920K,  35% used [0x0a3d0000, 0x0a73fd48, 0x0ad80000)
  to   space 9920K,   0% used [0x0ad80000, 0x0ad80000, 0x0b730000)
 tenured generation   total 198904K, used 194423K [0x100a0000, 0x1c2de000, 0x25600000)
   the space 198904K,  97% used [0x100a0000, 0x1be7df48, 0x1be7e000, 0x1c2de000)
 Metaspace       used 25489K, capacity 26048K, committed 26112K, reserved 27008K
Event: 3488.635 GC heap after
Heap after GC invocations=26 (full 3):
 def new generation   total 89600K, used 9203K [0x05600000, 0x0b730000, 0x100a0000)
  eden space 79680K,   0% used [0x05600000, 0x05600000, 0x0a3d0000)
  from space 9920K,  92% used [0x0ad80000, 0x0b67ce48, 0x0b730000)
  to   space 9920K,   0% used [0x0a3d0000, 0x0a3d0000, 0x0ad80000)
 tenured generation   total 198904K, used 194423K [0x100a0000, 0x1c2de000, 0x25600000)
   the space 198904K,  97% used [0x100a0000, 0x1be7df48, 0x1be7e000, 0x1c2de000)
 Metaspace       used 25489K, capacity 26048K, committed 26112K, reserved 27008K
}
Event: 3489.178 GC heap before
{Heap before GC invocations=26 (full 3):
 def new generation   total 89600K, used 87958K [0x05600000, 0x0b730000, 0x100a0000)
  eden space 79680K,  98% used [0x05600000, 0x0a2e89d0, 0x0a3d0000)
  from space 9920K,  92% used [0x0ad80000, 0x0b67ce48, 0x0b730000)
  to   space 9920K,   0% used [0x0a3d0000, 0x0a3d0000, 0x0ad80000)
 tenured generation   total 198904K, used 194423K [0x100a0000, 0x1c2de000, 0x25600000)
   the space 198904K,  97% used [0x100a0000, 0x1be7df48, 0x1be7e000, 0x1c2de000)
 Metaspace       used 25489K, capacity 26048K, committed 26112K, reserved 27008K
Event: 3489.722 GC heap after
Heap after GC invocations=27 (full 4):
 def new generation   total 89600K, used 0K [0x05600000, 0x0b730000, 0x100a0000)
  eden space 79680K,   0% used [0x05600000, 0x05600000, 0x0a3d0000)
  from space 9920K,   0% used [0x0a3d0000, 0x0a3d0000, 0x0ad80000)
  to   space 9920K,   0% used [0x0ad80000, 0x0ad80000, 0x0b730000)
 tenured generation   total 198904K, used 119197K [0x100a0000, 0x1c2de000, 0x25600000)
   the space 198904K,  59% used [0x100a0000, 0x17507778, 0x17507800, 0x1c2de000)
 Metaspace       used 25453K, capacity 26001K, committed 26112K, reserved 27008K
}

